<?xml version="1.0" encoding="UTF-8"?>
<!-- Generated by org.testng.reporters.JUnitReportReporter -->
<testsuite hostname="LAPTOP-CKKJT3QM" failures="0" tests="1" name="regression.SampleTest" time="92.063" errors="0" timestamp="2023-04-21T17:47:46 IST" skipped="0">
  <testcase classname="regression.SampleTest" name="verifyE2ETest" time="92.063"/>
  <system-out/>
</testsuite> <!-- regression.SampleTest -->
